/gpfs/apps/icl/software/Anaconda3/2024.06-1/lib/python3.12/site-packages/numpy/core/fromnumeric.py:59: FutureWarning: 'DataFrame.swapaxes' is deprecated and will be removed in a future version. Please use 'DataFrame.transpose' instead.
  return bound(*args, **kwds)
Warning: Phenotype/covariate value in [-8, -9) or (-9, -10] present, when -9 is
treated as missing.  Use --no-input-missing-phenotype to treat -9 as a numeric
value (missing values can be indicated by 'NA'), or --neg9-pheno-really-missing
to suppress this warning.
/hpcfs/users/a1236780/Repos/LiPGS/src/PRScs.py:59: DeprecationWarning: Conversion of an array with ndim > 0 to a scalar is deprecated, and will error in future. Ensure you extract a single element from your array before performing this operation. (Deprecated NumPy 1.25.)
  p = float(p); a = float(a); b = float(b)
/hpcfs/users/a1236780/Repos/LiPGS/src/PRScs.py:59: DeprecationWarning: Conversion of an array with ndim > 0 to a scalar is deprecated, and will error in future. Ensure you extract a single element from your array before performing this operation. (Deprecated NumPy 1.25.)
  p = float(p); a = float(a); b = float(b)
/hpcfs/users/a1236780/Repos/LiPGS/src/PRScs.py:59: DeprecationWarning: Conversion of an array with ndim > 0 to a scalar is deprecated, and will error in future. Ensure you extract a single element from your array before performing this operation. (Deprecated NumPy 1.25.)
  p = float(p); a = float(a); b = float(b)
/hpcfs/users/a1236780/Repos/LiPGS/src/PRScs.py:59: DeprecationWarning: Conversion of an array with ndim > 0 to a scalar is deprecated, and will error in future. Ensure you extract a single element from your array before performing this operation. (Deprecated NumPy 1.25.)
  p = float(p); a = float(a); b = float(b)
/hpcfs/users/a1236780/Repos/LiPGS/src/PRScs.py:59: DeprecationWarning: Conversion of an array with ndim > 0 to a scalar is deprecated, and will error in future. Ensure you extract a single element from your array before performing this operation. (Deprecated NumPy 1.25.)
  p = float(p); a = float(a); b = float(b)
/hpcfs/users/a1236780/Repos/LiPGS/src/PRScs.py:59: DeprecationWarning: Conversion of an array with ndim > 0 to a scalar is deprecated, and will error in future. Ensure you extract a single element from your array before performing this operation. (Deprecated NumPy 1.25.)
  p = float(p); a = float(a); b = float(b)
/hpcfs/users/a1236780/Repos/LiPGS/src/PRScs.py:59: DeprecationWarning: Conversion of an array with ndim > 0 to a scalar is deprecated, and will error in future. Ensure you extract a single element from your array before performing this operation. (Deprecated NumPy 1.25.)
  p = float(p); a = float(a); b = float(b)
/hpcfs/users/a1236780/Repos/LiPGS/src/PRScs.py:59: DeprecationWarning: Conversion of an array with ndim > 0 to a scalar is deprecated, and will error in future. Ensure you extract a single element from your array before performing this operation. (Deprecated NumPy 1.25.)
  p = float(p); a = float(a); b = float(b)
/hpcfs/users/a1236780/Repos/LiPGS/src/PRScs.py:59: DeprecationWarning: Conversion of an array with ndim > 0 to a scalar is deprecated, and will error in future. Ensure you extract a single element from your array before performing this operation. (Deprecated NumPy 1.25.)
  p = float(p); a = float(a); b = float(b)
/hpcfs/users/a1236780/Repos/LiPGS/src/PRScs.py:59: DeprecationWarning: Conversion of an array with ndim > 0 to a scalar is deprecated, and will error in future. Ensure you extract a single element from your array before performing this operation. (Deprecated NumPy 1.25.)
  p = float(p); a = float(a); b = float(b)
/hpcfs/users/a1236780/Repos/LiPGS/src/PRScs.py:59: DeprecationWarning: Conversion of an array with ndim > 0 to a scalar is deprecated, and will error in future. Ensure you extract a single element from your array before performing this operation. (Deprecated NumPy 1.25.)
  p = float(p); a = float(a); b = float(b)
/hpcfs/users/a1236780/Repos/LiPGS/src/PRScs.py:59: DeprecationWarning: Conversion of an array with ndim > 0 to a scalar is deprecated, and will error in future. Ensure you extract a single element from your array before performing this operation. (Deprecated NumPy 1.25.)
  p = float(p); a = float(a); b = float(b)
/hpcfs/users/a1236780/Repos/LiPGS/src/PRScs.py:59: DeprecationWarning: Conversion of an array with ndim > 0 to a scalar is deprecated, and will error in future. Ensure you extract a single element from your array before performing this operation. (Deprecated NumPy 1.25.)
  p = float(p); a = float(a); b = float(b)
/hpcfs/users/a1236780/Repos/LiPGS/src/PRScs.py:59: DeprecationWarning: Conversion of an array with ndim > 0 to a scalar is deprecated, and will error in future. Ensure you extract a single element from your array before performing this operation. (Deprecated NumPy 1.25.)
  p = float(p); a = float(a); b = float(b)
/hpcfs/users/a1236780/Repos/LiPGS/src/PRScs.py:59: DeprecationWarning: Conversion of an array with ndim > 0 to a scalar is deprecated, and will error in future. Ensure you extract a single element from your array before performing this operation. (Deprecated NumPy 1.25.)
  p = float(p); a = float(a); b = float(b)
/hpcfs/users/a1236780/Repos/LiPGS/src/PRScs.py:59: DeprecationWarning: Conversion of an array with ndim > 0 to a scalar is deprecated, and will error in future. Ensure you extract a single element from your array before performing this operation. (Deprecated NumPy 1.25.)
  p = float(p); a = float(a); b = float(b)
/hpcfs/users/a1236780/Repos/LiPGS/src/PRScs.py:59: DeprecationWarning: Conversion of an array with ndim > 0 to a scalar is deprecated, and will error in future. Ensure you extract a single element from your array before performing this operation. (Deprecated NumPy 1.25.)
  p = float(p); a = float(a); b = float(b)
/hpcfs/users/a1236780/Repos/LiPGS/src/PRScs.py:59: DeprecationWarning: Conversion of an array with ndim > 0 to a scalar is deprecated, and will error in future. Ensure you extract a single element from your array before performing this operation. (Deprecated NumPy 1.25.)
  p = float(p); a = float(a); b = float(b)
/hpcfs/users/a1236780/Repos/LiPGS/src/PRScs.py:59: DeprecationWarning: Conversion of an array with ndim > 0 to a scalar is deprecated, and will error in future. Ensure you extract a single element from your array before performing this operation. (Deprecated NumPy 1.25.)
  p = float(p); a = float(a); b = float(b)
/hpcfs/users/a1236780/Repos/LiPGS/src/PRScs.py:59: DeprecationWarning: Conversion of an array with ndim > 0 to a scalar is deprecated, and will error in future. Ensure you extract a single element from your array before performing this operation. (Deprecated NumPy 1.25.)
  p = float(p); a = float(a); b = float(b)
/hpcfs/users/a1236780/Repos/LiPGS/src/PRScs.py:59: DeprecationWarning: Conversion of an array with ndim > 0 to a scalar is deprecated, and will error in future. Ensure you extract a single element from your array before performing this operation. (Deprecated NumPy 1.25.)
  p = float(p); a = float(a); b = float(b)
/hpcfs/users/a1236780/Repos/LiPGS/src/PRScs.py:59: DeprecationWarning: Conversion of an array with ndim > 0 to a scalar is deprecated, and will error in future. Ensure you extract a single element from your array before performing this operation. (Deprecated NumPy 1.25.)
  p = float(p); a = float(a); b = float(b)
