/hpcfs/users/a1236780/Repos/LiPGS/src/pipeline.py:36: FutureWarning: Setting an item of incompatible dtype is deprecated and will raise in a future error of pandas. Value '[0.5975019  0.2796846  0.9153192  ... 1.55095381 1.55095381 1.86877111]' has dtype incompatible with int64, please explicitly cast to a compatible dtype first.
  european_df.loc[:, european_df.columns[3]] = (phenotype_values - mean) / std
/hpcfs/users/a1236780/Repos/LiPGS/src/pipeline.py:38: SettingWithCopyWarning: 
A value is trying to be set on a copy of a slice from a DataFrame

See the caveats in the documentation: https://pandas.pydata.org/pandas-docs/stable/user_guide/indexing.html#returning-a-view-versus-a-copy
  european_df.rename(columns={european_df.columns[3]: 'z' + european_df.columns[3]}, inplace=True)
/gpfs/apps/icl/software/Anaconda3/2024.06-1/lib/python3.12/site-packages/numpy/core/fromnumeric.py:59: FutureWarning: 'DataFrame.swapaxes' is deprecated and will be removed in a future version. Please use 'DataFrame.transpose' instead.
  return bound(*args, **kwds)
Warning: Phenotype/covariate value in [-8, -9) or (-9, -10] present, when -9 is
treated as missing.  Use --no-input-missing-phenotype to treat -9 as a numeric
value (missing values can be indicated by 'NA'), or --neg9-pheno-really-missing
to suppress this warning.
/hpcfs/users/a1236780/Repos/LiPGS/src/PRScs.py:59: DeprecationWarning: Conversion of an array with ndim > 0 to a scalar is deprecated, and will error in future. Ensure you extract a single element from your array before performing this operation. (Deprecated NumPy 1.25.)
  p = float(p); a = float(a); b = float(b)
/hpcfs/users/a1236780/Repos/LiPGS/src/PRScs.py:59: DeprecationWarning: Conversion of an array with ndim > 0 to a scalar is deprecated, and will error in future. Ensure you extract a single element from your array before performing this operation. (Deprecated NumPy 1.25.)
  p = float(p); a = float(a); b = float(b)
/hpcfs/users/a1236780/Repos/LiPGS/src/PRScs.py:59: DeprecationWarning: Conversion of an array with ndim > 0 to a scalar is deprecated, and will error in future. Ensure you extract a single element from your array before performing this operation. (Deprecated NumPy 1.25.)
  p = float(p); a = float(a); b = float(b)
/hpcfs/users/a1236780/Repos/LiPGS/src/PRScs.py:59: DeprecationWarning: Conversion of an array with ndim > 0 to a scalar is deprecated, and will error in future. Ensure you extract a single element from your array before performing this operation. (Deprecated NumPy 1.25.)
  p = float(p); a = float(a); b = float(b)
/hpcfs/users/a1236780/Repos/LiPGS/src/PRScs.py:59: DeprecationWarning: Conversion of an array with ndim > 0 to a scalar is deprecated, and will error in future. Ensure you extract a single element from your array before performing this operation. (Deprecated NumPy 1.25.)
  p = float(p); a = float(a); b = float(b)
/hpcfs/users/a1236780/Repos/LiPGS/src/PRScs.py:59: DeprecationWarning: Conversion of an array with ndim > 0 to a scalar is deprecated, and will error in future. Ensure you extract a single element from your array before performing this operation. (Deprecated NumPy 1.25.)
  p = float(p); a = float(a); b = float(b)
/hpcfs/users/a1236780/Repos/LiPGS/src/PRScs.py:59: DeprecationWarning: Conversion of an array with ndim > 0 to a scalar is deprecated, and will error in future. Ensure you extract a single element from your array before performing this operation. (Deprecated NumPy 1.25.)
  p = float(p); a = float(a); b = float(b)
/hpcfs/users/a1236780/Repos/LiPGS/src/PRScs.py:59: DeprecationWarning: Conversion of an array with ndim > 0 to a scalar is deprecated, and will error in future. Ensure you extract a single element from your array before performing this operation. (Deprecated NumPy 1.25.)
  p = float(p); a = float(a); b = float(b)
/hpcfs/users/a1236780/Repos/LiPGS/src/PRScs.py:59: DeprecationWarning: Conversion of an array with ndim > 0 to a scalar is deprecated, and will error in future. Ensure you extract a single element from your array before performing this operation. (Deprecated NumPy 1.25.)
  p = float(p); a = float(a); b = float(b)
/hpcfs/users/a1236780/Repos/LiPGS/src/PRScs.py:59: DeprecationWarning: Conversion of an array with ndim > 0 to a scalar is deprecated, and will error in future. Ensure you extract a single element from your array before performing this operation. (Deprecated NumPy 1.25.)
  p = float(p); a = float(a); b = float(b)
/hpcfs/users/a1236780/Repos/LiPGS/src/PRScs.py:59: DeprecationWarning: Conversion of an array with ndim > 0 to a scalar is deprecated, and will error in future. Ensure you extract a single element from your array before performing this operation. (Deprecated NumPy 1.25.)
  p = float(p); a = float(a); b = float(b)
/hpcfs/users/a1236780/Repos/LiPGS/src/PRScs.py:59: DeprecationWarning: Conversion of an array with ndim > 0 to a scalar is deprecated, and will error in future. Ensure you extract a single element from your array before performing this operation. (Deprecated NumPy 1.25.)
  p = float(p); a = float(a); b = float(b)
/hpcfs/users/a1236780/Repos/LiPGS/src/PRScs.py:59: DeprecationWarning: Conversion of an array with ndim > 0 to a scalar is deprecated, and will error in future. Ensure you extract a single element from your array before performing this operation. (Deprecated NumPy 1.25.)
  p = float(p); a = float(a); b = float(b)
/hpcfs/users/a1236780/Repos/LiPGS/src/PRScs.py:59: DeprecationWarning: Conversion of an array with ndim > 0 to a scalar is deprecated, and will error in future. Ensure you extract a single element from your array before performing this operation. (Deprecated NumPy 1.25.)
  p = float(p); a = float(a); b = float(b)
/hpcfs/users/a1236780/Repos/LiPGS/src/PRScs.py:59: DeprecationWarning: Conversion of an array with ndim > 0 to a scalar is deprecated, and will error in future. Ensure you extract a single element from your array before performing this operation. (Deprecated NumPy 1.25.)
  p = float(p); a = float(a); b = float(b)
/hpcfs/users/a1236780/Repos/LiPGS/src/PRScs.py:59: DeprecationWarning: Conversion of an array with ndim > 0 to a scalar is deprecated, and will error in future. Ensure you extract a single element from your array before performing this operation. (Deprecated NumPy 1.25.)
  p = float(p); a = float(a); b = float(b)
/hpcfs/users/a1236780/Repos/LiPGS/src/PRScs.py:59: DeprecationWarning: Conversion of an array with ndim > 0 to a scalar is deprecated, and will error in future. Ensure you extract a single element from your array before performing this operation. (Deprecated NumPy 1.25.)
  p = float(p); a = float(a); b = float(b)
/hpcfs/users/a1236780/Repos/LiPGS/src/PRScs.py:59: DeprecationWarning: Conversion of an array with ndim > 0 to a scalar is deprecated, and will error in future. Ensure you extract a single element from your array before performing this operation. (Deprecated NumPy 1.25.)
  p = float(p); a = float(a); b = float(b)
/hpcfs/users/a1236780/Repos/LiPGS/src/PRScs.py:59: DeprecationWarning: Conversion of an array with ndim > 0 to a scalar is deprecated, and will error in future. Ensure you extract a single element from your array before performing this operation. (Deprecated NumPy 1.25.)
  p = float(p); a = float(a); b = float(b)
/hpcfs/users/a1236780/Repos/LiPGS/src/PRScs.py:59: DeprecationWarning: Conversion of an array with ndim > 0 to a scalar is deprecated, and will error in future. Ensure you extract a single element from your array before performing this operation. (Deprecated NumPy 1.25.)
  p = float(p); a = float(a); b = float(b)
/hpcfs/users/a1236780/Repos/LiPGS/src/PRScs.py:59: DeprecationWarning: Conversion of an array with ndim > 0 to a scalar is deprecated, and will error in future. Ensure you extract a single element from your array before performing this operation. (Deprecated NumPy 1.25.)
  p = float(p); a = float(a); b = float(b)
/hpcfs/users/a1236780/Repos/LiPGS/src/PRScs.py:59: DeprecationWarning: Conversion of an array with ndim > 0 to a scalar is deprecated, and will error in future. Ensure you extract a single element from your array before performing this operation. (Deprecated NumPy 1.25.)
  p = float(p); a = float(a); b = float(b)
